<?xml version="1.0" encoding="UTF-8"?>
<robot generator="Robot 4.0.1 (Python 3.8.5 on linux)" generated="20210508 13:32:58.152" rpa="false" schemaversion="2">
<suite id="s1" name="Login Test" source="/home/creestl/programming/python_coding/LK/login_test/login_test.robot">
<kw name="Go to Google" type="SETUP">
<kw name="Open Browser" library="Selenium2Library">
<arg>http://google.com</arg>
<arg>chrome</arg>
<doc>Opens a new browser instance to the optional ``url``.</doc>
<msg timestamp="20210508 13:32:58.299" level="INFO">Opening browser 'chrome' to base url 'http://google.com'.</msg>
<status status="PASS" starttime="20210508 13:32:58.299" endtime="20210508 13:33:00.974"/>
</kw>
<status status="PASS" starttime="20210508 13:32:58.299" endtime="20210508 13:33:00.975"/>
</kw>
<test id="s1-t1" name="Ensure Home Page is Open">
<kw name="Location Should Be" library="Selenium2Library">
<arg>${chrome_url}</arg>
<doc>Verifies that the current URL is exactly ``url``.</doc>
<msg timestamp="20210508 13:33:00.982" level="INFO">Current location is 'https://www.google.com/?gws_rd=ssl'.</msg>
<status status="PASS" starttime="20210508 13:33:00.977" endtime="20210508 13:33:00.982"/>
</kw>
<status status="PASS" starttime="20210508 13:33:00.975" endtime="20210508 13:33:00.983"/>
</test>
<test id="s1-t2" name="Ensure Teststand is Open">
<kw name="Go to Teststand">
<kw name="Go To" library="Selenium2Library">
<arg>${test_stand_url}</arg>
<doc>Navigates the current browser window to the provided ``url``.</doc>
<msg timestamp="20210508 13:33:00.985" level="INFO">Opening url 'http://test-stand.ru/login'</msg>
<status status="PASS" starttime="20210508 13:33:00.985" endtime="20210508 13:33:03.066"/>
</kw>
<status status="PASS" starttime="20210508 13:33:00.984" endtime="20210508 13:33:03.066"/>
</kw>
<kw name="Location Should Be" library="Selenium2Library">
<arg>${test_stand_url}</arg>
<doc>Verifies that the current URL is exactly ``url``.</doc>
<msg timestamp="20210508 13:33:03.073" level="INFO">Current location is 'http://test-stand.ru/login'.</msg>
<status status="PASS" starttime="20210508 13:33:03.067" endtime="20210508 13:33:03.073"/>
</kw>
<status status="PASS" starttime="20210508 13:33:00.983" endtime="20210508 13:33:03.073"/>
</test>
<test id="s1-t3" name="Login With Valid Credentials">
<kw name="Input Text" library="Selenium2Library">
<arg>tag=input</arg>
<arg>${valid_username}</arg>
<doc>Types the given ``text`` into the text field identified by ``locator``.</doc>
<msg timestamp="20210508 13:33:03.075" level="INFO">Typing text 'phoenix_tstu@inbox.ru' into text field 'tag=input'.</msg>
<status status="PASS" starttime="20210508 13:33:03.074" endtime="20210508 13:33:03.208"/>
</kw>
<kw name="Input Password" library="Selenium2Library">
<arg>tag=input</arg>
<arg>${valid_user_password}</arg>
<doc>Types the given password into the text field identified by ``locator``.</doc>
<msg timestamp="20210508 13:33:03.209" level="INFO">Typing password into text field 'tag=input'.</msg>
<msg timestamp="20210508 13:33:03.228" level="INFO">Temporally setting log level to: NONE</msg>
<msg timestamp="20210508 13:33:03.276" level="INFO">Log level changed from NONE to INFO.</msg>
<status status="PASS" starttime="20210508 13:33:03.208" endtime="20210508 13:33:03.276"/>
</kw>
<kw name="Click Button" library="Selenium2Library">
<arg>class=adja akikks</arg>
<doc>Clicks the button identified by ``locator``.</doc>
<msg timestamp="20210508 13:33:03.276" level="INFO">Clicking button 'class=adja akikks'.</msg>
<msg timestamp="20210508 13:33:03.303" level="FAIL">InvalidSelectorException: Message: invalid selector: Compound class names not permitted
  (Session info: chrome=90.0.4430.85)
  (Driver info: chromedriver=2.41.578700 (2f1ed5f9343c13f73144538f15c00b370eda6706),platform=Linux 5.8.0-50-generic x86_64)
</msg>
<status status="FAIL" starttime="20210508 13:33:03.276" endtime="20210508 13:33:03.303"/>
</kw>
<status status="FAIL" starttime="20210508 13:33:03.074" endtime="20210508 13:33:03.303">InvalidSelectorException: Message: invalid selector: Compound class names not permitted
  (Session info: chrome=90.0.4430.85)
  (Driver info: chromedriver=2.41.578700 (2f1ed5f9343c13f73144538f15c00b370eda6706),platform=Linux 5.8.0-50-generic x86_64)
</status>
</test>
<kw name="Close Browser" library="Selenium2Library" type="TEARDOWN">
<doc>Closes the current browser.</doc>
<status status="PASS" starttime="20210508 13:33:03.304" endtime="20210508 13:33:03.368"/>
</kw>
<status status="FAIL" starttime="20210508 13:32:58.153" endtime="20210508 13:33:03.368"/>
</suite>
<statistics>
<total>
<stat pass="2" fail="1" skip="0">All Tests</stat>
</total>
<tag>
</tag>
<suite>
<stat pass="2" fail="1" skip="0" id="s1" name="Login Test">Login Test</stat>
</suite>
</statistics>
<errors>
</errors>
</robot>
